<?xml version="1.0" encoding="UTF-8"?>
<testsuite xmlns:xsi="http://www.w3.org/2001/XMLSchema-instance" xsi:noNamespaceSchemaLocation="https://maven.apache.org/surefire/maven-surefire-plugin/xsd/surefire-test-report-3.0.xsd" version="3.0" name="com.example.creditcard.CreditCardApplicationTests" time="4.512" tests="3" errors="0" skipped="0" failures="0">
  <properties>
[...]
</properties>
  <testcase name="shouldCreateCreditCard" classname="com.example.creditcard.CreditCardApplicationTests" time="0.725">
    <system-out><![CDATA[17:43:10.295 [main] INFO org.springframework.test.context.support.AnnotationConfigContextLoaderUtils -- Could not detect default configuration classes for test class [com.example.creditcard.CreditCardApplicationTests]: CreditCardApplicationTests does not declare any static, non-private, non-final, nested classes annotated with @Configuration.
17:43:10.402 [main] INFO org.springframework.boot.test.context.SpringBootTestContextBootstrapper -- Found @SpringBootConfiguration com.example.creditcard.CreditCardApplication for test class com.example.creditcard.CreditCardApplicationTests

  .   ____          _            __ _ _
 /\\ / ___'_ __ _ _(_)_ __  __ _ \ \ \ \
( ( )\___ | '_ | '_| | '_ \/ _` | \ \ \ \
 \\/  ___)| |_)| | | | | || (_| |  ) ) ) )
  '  |____| .__|_| |_|_| |_\__, | / / / /
 =========|_|==============|___/=/_/_/_/
 :: Spring Boot ::                (v3.1.4)

2025-05-11T17:43:10.762Z  INFO 18429 --- [           main] c.e.c.CreditCardApplicationTests         : Starting CreditCardApplicationTests using Java 21.0.2 with PID 18429 (started by root in /project/sandbox/user-workspace)
2025-05-11T17:43:10.764Z  INFO 18429 --- [           main] c.e.c.CreditCardApplicationTests         : No active profile set, falling back to 1 default profile: "default"
2025-05-11T17:43:11.536Z  INFO 18429 --- [           main] .s.d.r.c.RepositoryConfigurationDelegate : Bootstrapping Spring Data JPA repositories in DEFAULT mode.
2025-05-11T17:43:11.626Z  INFO 18429 --- [           main] .s.d.r.c.RepositoryConfigurationDelegate : Finished Spring Data repository scanning in 86 ms. Found 1 JPA repository interfaces.
2025-05-11T17:43:12.008Z  INFO 18429 --- [           main] o.hibernate.jpa.internal.util.LogHelper  : HHH000204: Processing PersistenceUnitInfo [name: default]
2025-05-11T17:43:12.065Z  INFO 18429 --- [           main] org.hibernate.Version                    : HHH000412: Hibernate ORM core version 6.2.9.Final
2025-05-11T17:43:12.067Z  INFO 18429 --- [           main] org.hibernate.cfg.Environment            : HHH000406: Using bytecode reflection optimizer
2025-05-11T17:43:12.161Z  INFO 18429 --- [           main] o.h.b.i.BytecodeProviderInitiator        : HHH000021: Bytecode provider name : bytebuddy
2025-05-11T17:43:12.232Z  INFO 18429 --- [           main] o.s.o.j.p.SpringPersistenceUnitInfo      : No LoadTimeWeaver setup: ignoring JPA class transformer
2025-05-11T17:43:12.242Z  INFO 18429 --- [           main] com.zaxxer.hikari.HikariDataSource       : HikariPool-1 - Starting...
2025-05-11T17:43:12.359Z  INFO 18429 --- [           main] com.zaxxer.hikari.pool.HikariPool        : HikariPool-1 - Added connection conn0: url=jdbc:h2:mem:creditcarddb user=SA
2025-05-11T17:43:12.360Z  INFO 18429 --- [           main] com.zaxxer.hikari.HikariDataSource       : HikariPool-1 - Start completed.
2025-05-11T17:43:12.473Z  INFO 18429 --- [           main] o.h.b.i.BytecodeProviderInitiator        : HHH000021: Bytecode provider name : bytebuddy
2025-05-11T17:43:12.862Z  INFO 18429 --- [           main] o.h.e.t.j.p.i.JtaPlatformInitiator       : HHH000490: Using JtaPlatform implementation: [org.hibernate.engine.transaction.jta.platform.internal.NoJtaPlatform]
2025-05-11T17:43:12.907Z  INFO 18429 --- [           main] j.LocalContainerEntityManagerFactoryBean : Initialized JPA EntityManagerFactory for persistence unit 'default'
2025-05-11T17:43:13.274Z  WARN 18429 --- [           main] JpaBaseConfiguration$JpaWebConfiguration : spring.jpa.open-in-view is enabled by default. Therefore, database queries may be performed during view rendering. Explicitly configure spring.jpa.open-in-view to disable this warning
2025-05-11T17:43:13.634Z  INFO 18429 --- [           main] efaultSchemaResourceGraphQlSourceBuilder : Loaded 1 resource(s) in the GraphQL schema.
2025-05-11T17:43:13.767Z  INFO 18429 --- [           main] s.b.a.g.s.GraphQlWebMvcAutoConfiguration : GraphQL endpoint HTTP POST /graphql
2025-05-11T17:43:13.819Z  INFO 18429 --- [           main] o.s.b.a.h2.H2ConsoleAutoConfiguration    : H2 console available at '/h2-console'. Database available at 'jdbc:h2:mem:creditcarddb'
2025-05-11T17:43:13.877Z  INFO 18429 --- [           main] c.e.c.CreditCardApplicationTests         : Started CreditCardApplicationTests in 3.374 seconds (process running for 4.398)
]]></system-out>
    <system-err><![CDATA[WARNING: A Java agent has been loaded dynamically (/root/.m2/repository/net/bytebuddy/byte-buddy-agent/1.14.8/byte-buddy-agent-1.14.8.jar)
WARNING: If a serviceability tool is in use, please run with -XX:+EnableDynamicAgentLoading to hide this warning
WARNING: If a serviceability tool is not in use, please run with -Djdk.instrument.traceUsage for more information
WARNING: Dynamic loading of agents will be disallowed by default in a future release
]]></system-err>
  </testcase>
  <testcase name="shouldGetCreditCardById" classname="com.example.creditcard.CreditCardApplicationTests" time="0.03"/>
  <testcase name="contextLoads" classname="com.example.creditcard.CreditCardApplicationTests" time="0.003"/>
</testsuite>